<?xml version="1.0" encoding="UTF-8"?>
<!-- Generated by org.testng.reporters.JUnitReportReporter -->
<testsuite hostname="Smartgig" failures="0" tests="1" name="Maven1.Project123.SecondTest" time="5.779" errors="0" timestamp="2024-03-07T11:22:26 IST" skipped="0">
  <testcase classname="Maven1.Project123.SecondTest" name="walk" time="5.779"/>
  <system-out/>
</testsuite> <!-- Maven1.Project123.SecondTest -->
