<?xml version="1.0" encoding="UTF-8"?>
<!-- Generated by org.testng.reporters.JUnitReportReporter -->
<testsuite hostname="Smartgig" failures="0" tests="3" name="Maven1.Project123.FirstTest" time="0.020" errors="0" timestamp="2024-03-06T12:32:57 IST" skipped="0">
  <testcase classname="Maven1.Project123.FirstTest" name="eat" time="0.017"/>
  <system-out/>
  <testcase classname="Maven1.Project123.FirstTest" name="run" time="0.001"/>
  <system-out/>
  <testcase classname="Maven1.Project123.FirstTest" name="sleep" time="0.002"/>
  <system-out/>
</testsuite> <!-- Maven1.Project123.FirstTest -->
